New log file opened at Sat Feb 11 11:05:49 GMT+01:00 2017 by 15968@MSI
Taking next connection to: 52012
New client attempting to connect on port: 52013-52012
  Address = /192.168.56.1:52012
This client on port 52013 has uuid 6f5cb496-3d6f-42e4-b110-2b4672058073 configName activator humanReadableName Activator protocolVersion 3 featureTags Vector()
Connected Clients: activator-6f5cb496-3d6f-42e4-b110-2b4672058073
Taking next connection to: 52012
New client attempting to connect on port: 52014-52012
  Address = /192.168.56.1:52012
Handshake exception on socket: 52014
sbt.impl.ipc.HandshakeException: Unable to perform handshake
	at sbt.impl.ipc.Peer.handshake(IPC.scala:46)
	at sbt.impl.ipc.MultiClientServer.<init>(IPC.scala:150)
	at sbt.server.SbtServerSocketHandler$$anon$1.run(SbtServerSocketHandler.scala:43)
Caused by: java.net.SocketException: Software caused connection abort: recv failed
	at java.net.SocketInputStream.socketRead0(Native Method)
	at java.net.SocketInputStream.socketRead(Unknown Source)
	at java.net.SocketInputStream.read(Unknown Source)
	at java.net.SocketInputStream.read(Unknown Source)
	at java.io.BufferedInputStream.fill(Unknown Source)
	at java.io.BufferedInputStream.read(Unknown Source)
	at java.io.DataInputStream.readInt(Unknown Source)
	at sbt.impl.ipc.Peer.receive(IPC.scala:95)
	at sbt.impl.ipc.Peer.handshake(IPC.scala:49)
	... 2 more
Taking next connection to: 52012
New client attempting to connect on port: 52015-52012
  Address = /192.168.56.1:52012
This client on port 52015 has uuid f0d67194-f31d-4785-abdf-60bb4fce9bdb configName activator humanReadableName Activator protocolVersion 3 featureTags Vector()
Connected Clients: activator-6f5cb496-3d6f-42e4-b110-2b4672058073, activator-f0d67194-f31d-4785-abdf-60bb4fce9bdb
Taking next connection to: 52012
New client attempting to connect on port: 52019-52012
  Address = /192.168.56.1:52012
Handshake exception on socket: 52019
sbt.impl.ipc.HandshakeException: Unable to perform handshake
	at sbt.impl.ipc.Peer.handshake(IPC.scala:46)
	at sbt.impl.ipc.MultiClientServer.<init>(IPC.scala:150)
	at sbt.server.SbtServerSocketHandler$$anon$1.run(SbtServerSocketHandler.scala:43)
Caused by: java.net.SocketException: Software caused connection abort: recv failed
	at java.net.SocketInputStream.socketRead0(Native Method)
	at java.net.SocketInputStream.socketRead(Unknown Source)
	at java.net.SocketInputStream.read(Unknown Source)
	at java.net.SocketInputStream.read(Unknown Source)
	at java.io.BufferedInputStream.fill(Unknown Source)
	at java.io.BufferedInputStream.read(Unknown Source)
	at java.io.DataInputStream.readInt(Unknown Source)
	at sbt.impl.ipc.Peer.receive(IPC.scala:95)
	at sbt.impl.ipc.Peer.handshake(IPC.scala:49)
	... 2 more
Taking next connection to: 52012
New client attempting to connect on port: 52020-52012
  Address = /192.168.56.1:52012
This client on port 52020 has uuid 5b48d871-5d85-4713-83ca-791eca585402 configName play-fork-run humanReadableName Play Fork Run protocolVersion 1 featureTags Vector()
Connected Clients: activator-6f5cb496-3d6f-42e4-b110-2b4672058073, play-fork-run-5b48d871-5d85-4713-83ca-791eca585402
Taking next connection to: 52012
Checking to see if clients are empty...
We have 1 non-daemon clients, continuing serving connections.
Taking next connection to: 52012
Checking to see if clients are empty...
We have 1 non-daemon clients, continuing serving connections.
Taking next connection to: 52012
New client attempting to connect on port: 52141-52012
  Address = /192.168.56.1:52012
Handshake exception on socket: 52141
sbt.impl.ipc.HandshakeException: Unable to perform handshake
	at sbt.impl.ipc.Peer.handshake(IPC.scala:46)
	at sbt.impl.ipc.MultiClientServer.<init>(IPC.scala:150)
	at sbt.server.SbtServerSocketHandler$$anon$1.run(SbtServerSocketHandler.scala:43)
Caused by: java.net.SocketException: Software caused connection abort: recv failed
	at java.net.SocketInputStream.socketRead0(Native Method)
	at java.net.SocketInputStream.socketRead(Unknown Source)
	at java.net.SocketInputStream.read(Unknown Source)
	at java.net.SocketInputStream.read(Unknown Source)
	at java.io.BufferedInputStream.fill(Unknown Source)
	at java.io.BufferedInputStream.read(Unknown Source)
	at java.io.DataInputStream.readInt(Unknown Source)
	at sbt.impl.ipc.Peer.receive(IPC.scala:95)
	at sbt.impl.ipc.Peer.handshake(IPC.scala:49)
	... 2 more
Taking next connection to: 52012
New client attempting to connect on port: 52142-52012
  Address = /192.168.56.1:52012
This client on port 52142 has uuid 45505023-ec8a-4a22-83d6-a88a35755e75 configName play-fork-run humanReadableName Play Fork Run protocolVersion 1 featureTags Vector()
Connected Clients: activator-6f5cb496-3d6f-42e4-b110-2b4672058073, play-fork-run-5b48d871-5d85-4713-83ca-791eca585402, play-fork-run-45505023-ec8a-4a22-83d6-a88a35755e75
Taking next connection to: 52012
Checking to see if clients are empty...
We have 1 non-daemon clients, continuing serving connections.
Taking next connection to: 52012
Checking to see if clients are empty...
We have 1 non-daemon clients, continuing serving connections.
Taking next connection to: 52012
Checking to see if clients are empty...
We have 1 non-daemon clients, continuing serving connections.
Taking next connection to: 52012
Checking to see if clients are empty...
We have 1 non-daemon clients, continuing serving connections.
Taking next connection to: 52012
New client attempting to connect on port: 52451-52012
  Address = /192.168.56.1:52012
Handshake exception on socket: 52451
sbt.impl.ipc.HandshakeException: Unable to perform handshake
	at sbt.impl.ipc.Peer.handshake(IPC.scala:46)
	at sbt.impl.ipc.MultiClientServer.<init>(IPC.scala:150)
	at sbt.server.SbtServerSocketHandler$$anon$1.run(SbtServerSocketHandler.scala:43)
Caused by: java.net.SocketException: Software caused connection abort: recv failed
	at java.net.SocketInputStream.socketRead0(Native Method)
	at java.net.SocketInputStream.socketRead(Unknown Source)
	at java.net.SocketInputStream.read(Unknown Source)
	at java.net.SocketInputStream.read(Unknown Source)
	at java.io.BufferedInputStream.fill(Unknown Source)
	at java.io.BufferedInputStream.read(Unknown Source)
	at java.io.DataInputStream.readInt(Unknown Source)
	at sbt.impl.ipc.Peer.receive(IPC.scala:95)
	at sbt.impl.ipc.Peer.handshake(IPC.scala:49)
	... 2 more
Taking next connection to: 52012
New client attempting to connect on port: 52452-52012
  Address = /192.168.56.1:52012
This client on port 52452 has uuid d8ac0dda-6bec-426f-bc2c-5fcc5812eea4 configName play-fork-run humanReadableName Play Fork Run protocolVersion 1 featureTags Vector()
Connected Clients: activator-6f5cb496-3d6f-42e4-b110-2b4672058073, play-fork-run-d8ac0dda-6bec-426f-bc2c-5fcc5812eea4
Taking next connection to: 52012
New client attempting to connect on port: 52485-52012
  Address = /192.168.56.1:52012
Handshake exception on socket: 52485
sbt.impl.ipc.HandshakeException: Unable to perform handshake
	at sbt.impl.ipc.Peer.handshake(IPC.scala:46)
	at sbt.impl.ipc.MultiClientServer.<init>(IPC.scala:150)
	at sbt.server.SbtServerSocketHandler$$anon$1.run(SbtServerSocketHandler.scala:43)
Caused by: java.net.SocketException: Software caused connection abort: recv failed
	at java.net.SocketInputStream.socketRead0(Native Method)
	at java.net.SocketInputStream.socketRead(Unknown Source)
	at java.net.SocketInputStream.read(Unknown Source)
	at java.net.SocketInputStream.read(Unknown Source)
	at java.io.BufferedInputStream.fill(Unknown Source)
	at java.io.BufferedInputStream.read(Unknown Source)
	at java.io.DataInputStream.readInt(Unknown Source)
	at sbt.impl.ipc.Peer.receive(IPC.scala:95)
	at sbt.impl.ipc.Peer.handshake(IPC.scala:49)
	... 2 more
Taking next connection to: 52012
New client attempting to connect on port: 52486-52012
  Address = /192.168.56.1:52012
This client on port 52486 has uuid 822db751-f9d0-4558-932c-3346574a6f49 configName play-fork-run humanReadableName Play Fork Run protocolVersion 1 featureTags Vector()
Connected Clients: activator-6f5cb496-3d6f-42e4-b110-2b4672058073, play-fork-run-822db751-f9d0-4558-932c-3346574a6f49
Taking next connection to: 52012
New client attempting to connect on port: 52521-52012
  Address = /192.168.56.1:52012
Handshake exception on socket: 52521
sbt.impl.ipc.HandshakeException: Unable to perform handshake
	at sbt.impl.ipc.Peer.handshake(IPC.scala:46)
	at sbt.impl.ipc.MultiClientServer.<init>(IPC.scala:150)
	at sbt.server.SbtServerSocketHandler$$anon$1.run(SbtServerSocketHandler.scala:43)
Caused by: java.net.SocketException: Software caused connection abort: recv failed
	at java.net.SocketInputStream.socketRead0(Native Method)
	at java.net.SocketInputStream.socketRead(Unknown Source)
	at java.net.SocketInputStream.read(Unknown Source)
	at java.net.SocketInputStream.read(Unknown Source)
	at java.io.BufferedInputStream.fill(Unknown Source)
	at java.io.BufferedInputStream.read(Unknown Source)
	at java.io.DataInputStream.readInt(Unknown Source)
	at sbt.impl.ipc.Peer.receive(IPC.scala:95)
	at sbt.impl.ipc.Peer.handshake(IPC.scala:49)
	... 2 more
Taking next connection to: 52012
New client attempting to connect on port: 52522-52012
  Address = /192.168.56.1:52012
This client on port 52522 has uuid f9e837a5-06b6-4003-9ad7-f6652eb00c13 configName play-fork-run humanReadableName Play Fork Run protocolVersion 1 featureTags Vector()
Connected Clients: activator-6f5cb496-3d6f-42e4-b110-2b4672058073, play-fork-run-f9e837a5-06b6-4003-9ad7-f6652eb00c13
Taking next connection to: 52012
New client attempting to connect on port: 52573-52012
  Address = /192.168.56.1:52012
Handshake exception on socket: 52573
sbt.impl.ipc.HandshakeException: Unable to perform handshake
	at sbt.impl.ipc.Peer.handshake(IPC.scala:46)
	at sbt.impl.ipc.MultiClientServer.<init>(IPC.scala:150)
	at sbt.server.SbtServerSocketHandler$$anon$1.run(SbtServerSocketHandler.scala:43)
Caused by: java.net.SocketException: Software caused connection abort: recv failed
	at java.net.SocketInputStream.socketRead0(Native Method)
	at java.net.SocketInputStream.socketRead(Unknown Source)
	at java.net.SocketInputStream.read(Unknown Source)
	at java.net.SocketInputStream.read(Unknown Source)
	at java.io.BufferedInputStream.fill(Unknown Source)
	at java.io.BufferedInputStream.read(Unknown Source)
	at java.io.DataInputStream.readInt(Unknown Source)
	at sbt.impl.ipc.Peer.receive(IPC.scala:95)
	at sbt.impl.ipc.Peer.handshake(IPC.scala:49)
	... 2 more
Taking next connection to: 52012
New client attempting to connect on port: 52574-52012
  Address = /192.168.56.1:52012
This client on port 52574 has uuid 2da5d642-a371-44c6-aa14-8cf39a3b5e7a configName play-fork-run humanReadableName Play Fork Run protocolVersion 1 featureTags Vector()
Connected Clients: activator-6f5cb496-3d6f-42e4-b110-2b4672058073, play-fork-run-2da5d642-a371-44c6-aa14-8cf39a3b5e7a
Taking next connection to: 52012
Checking to see if clients are empty...
We have 1 non-daemon clients, continuing serving connections.
Taking next connection to: 52012
Checking to see if clients are empty...
We have 1 non-daemon clients, continuing serving connections.
Taking next connection to: 52012
Checking to see if clients are empty...
We have 1 non-daemon clients, continuing serving connections.
Taking next connection to: 52012
New client attempting to connect on port: 52751-52012
  Address = /192.168.56.1:52012
Handshake exception on socket: 52751
sbt.impl.ipc.HandshakeException: Unable to perform handshake
	at sbt.impl.ipc.Peer.handshake(IPC.scala:46)
	at sbt.impl.ipc.MultiClientServer.<init>(IPC.scala:150)
	at sbt.server.SbtServerSocketHandler$$anon$1.run(SbtServerSocketHandler.scala:43)
Caused by: java.net.SocketException: Software caused connection abort: recv failed
	at java.net.SocketInputStream.socketRead0(Native Method)
	at java.net.SocketInputStream.socketRead(Unknown Source)
	at java.net.SocketInputStream.read(Unknown Source)
	at java.net.SocketInputStream.read(Unknown Source)
	at java.io.BufferedInputStream.fill(Unknown Source)
	at java.io.BufferedInputStream.read(Unknown Source)
	at java.io.DataInputStream.readInt(Unknown Source)
	at sbt.impl.ipc.Peer.receive(IPC.scala:95)
	at sbt.impl.ipc.Peer.handshake(IPC.scala:49)
	... 2 more
Taking next connection to: 52012
New client attempting to connect on port: 52752-52012
  Address = /192.168.56.1:52012
This client on port 52752 has uuid d82582ce-e082-479a-ba0e-41a1f1bc8aee configName play-fork-run humanReadableName Play Fork Run protocolVersion 1 featureTags Vector()
Connected Clients: activator-6f5cb496-3d6f-42e4-b110-2b4672058073, play-fork-run-d82582ce-e082-479a-ba0e-41a1f1bc8aee
Taking next connection to: 52012
New client attempting to connect on port: 52785-52012
  Address = /192.168.56.1:52012
Handshake exception on socket: 52785
sbt.impl.ipc.HandshakeException: Unable to perform handshake
	at sbt.impl.ipc.Peer.handshake(IPC.scala:46)
	at sbt.impl.ipc.MultiClientServer.<init>(IPC.scala:150)
	at sbt.server.SbtServerSocketHandler$$anon$1.run(SbtServerSocketHandler.scala:43)
Caused by: java.net.SocketException: Software caused connection abort: recv failed
	at java.net.SocketInputStream.socketRead0(Native Method)
	at java.net.SocketInputStream.socketRead(Unknown Source)
	at java.net.SocketInputStream.read(Unknown Source)
	at java.net.SocketInputStream.read(Unknown Source)
	at java.io.BufferedInputStream.fill(Unknown Source)
	at java.io.BufferedInputStream.read(Unknown Source)
	at java.io.DataInputStream.readInt(Unknown Source)
	at sbt.impl.ipc.Peer.receive(IPC.scala:95)
	at sbt.impl.ipc.Peer.handshake(IPC.scala:49)
	... 2 more
Taking next connection to: 52012
New client attempting to connect on port: 52786-52012
  Address = /192.168.56.1:52012
This client on port 52786 has uuid 4a9d7eb6-6b6e-4f0c-94ac-fc6e08a5521c configName play-fork-run humanReadableName Play Fork Run protocolVersion 1 featureTags Vector()
Connected Clients: activator-6f5cb496-3d6f-42e4-b110-2b4672058073, play-fork-run-4a9d7eb6-6b6e-4f0c-94ac-fc6e08a5521c
Taking next connection to: 52012
