New log file opened at Sat Feb 11 11:49:18 GMT+01:00 2017 by 15968@MSI
Sending msg to client play-fork-run-a6e9cf2d-d2b3-463a-a080-666fb789a834: DetachedLogEvent(LogMessage(debug,sbt server socket logs are in: C:\Users\rafae\Documents\keep-clone\.sbtserver\connections\master.log))
Sending msg to client play-fork-run-a6e9cf2d-d2b3-463a-a080-666fb789a834: DetachedLogEvent(LogMessage(debug,sbt general server logs are in: C:\Users\rafae\Documents\keep-clone\.sbtserver\master.log))
Sending msg to client play-fork-run-a6e9cf2d-d2b3-463a-a080-666fb789a834: DetachedLogEvent(LogMessage(debug,sbt client logs are in: C:\Users\rafae\Documents\keep-clone\.sbtserver\connections\play-fork-run-a6e9cf2d-d2b3-463a-a080-666fb789a834.log))
Reading next message from client.
Got request: DaemonRequest(true)
Reading next message from client.
Sending msg to client play-fork-run-a6e9cf2d-d2b3-463a-a080-666fb789a834: (3,ReceivedResponse())
Got request: ListenToEvents()
Reading next message from client.
Sending msg to client play-fork-run-a6e9cf2d-d2b3-463a-a080-666fb789a834: ExecutionWaiting(91,compile,ClientInfo(6f5cb496-3d6f-42e4-b110-2b4672058073,activator,Activator,3,Vector()))
Sending msg to client play-fork-run-a6e9cf2d-d2b3-463a-a080-666fb789a834: ExecutionStarting(91)
Sending msg to client play-fork-run-a6e9cf2d-d2b3-463a-a080-666fb789a834: TaskStarted(91,10335,Some(AttributeKey[sbt.compiler.IC$Result]("compileIncremental") in Scope(Build: file:/C:/Users/rafae/Documents/keep-clone/, , Project: ProjectReference(file:/C:/Users/rafae/Documents/keep-clone/,root), Config: compile)))
Sending msg to client play-fork-run-a6e9cf2d-d2b3-463a-a080-666fb789a834: BackgroundJobStarted(90,BackgroundJobInfo(10,backgroundRun,AttributeKey[sbt.BackgroundJobHandle]("backgroundRun") in Scope(Build: file:/C:/Users/rafae/Documents/keep-clone/, , Project: ProjectReference(file:/C:/Users/rafae/Documents/keep-clone/,root), Config: compile)))
Sending msg to client play-fork-run-a6e9cf2d-d2b3-463a-a080-666fb789a834: BackgroundJobStarted(86,BackgroundJobInfo(9,backgroundRun,AttributeKey[sbt.BackgroundJobHandle]("backgroundRun") in Scope(Build: file:/C:/Users/rafae/Documents/keep-clone/, , Project: ProjectReference(file:/C:/Users/rafae/Documents/keep-clone/,root), Config: compile)))
Sending msg to client play-fork-run-a6e9cf2d-d2b3-463a-a080-666fb789a834: (4,ReceivedResponse())
Got request: KeyLookupRequest(root/playForkConfig)
Reading next message from client.
Sending msg to client play-fork-run-a6e9cf2d-d2b3-463a-a080-666fb789a834: (5,KeyLookupResponse(root/playForkConfig,Vector(AttributeKey[play.forkrun.protocol.ForkConfig]("playForkConfig") in Scope(Build: file:/C:/Users/rafae/Documents/keep-clone/, , Project: ProjectReference(file:/C:/Users/rafae/Documents/keep-clone/,root)))))
Got request: ListenToValue(AttributeKey[play.forkrun.protocol.ForkConfig]("playForkConfig") in Scope(Build: file:/C:/Users/rafae/Documents/keep-clone/, , Project: ProjectReference(file:/C:/Users/rafae/Documents/keep-clone/,root)))
Reading next message from client.
Sending msg to client play-fork-run-a6e9cf2d-d2b3-463a-a080-666fb789a834: (6,ReceivedResponse())
Got request: KeyExecutionRequest(AttributeKey[play.forkrun.protocol.ForkConfig]("playForkConfig") in Scope(Build: file:/C:/Users/rafae/Documents/keep-clone/, , Project: ProjectReference(file:/C:/Users/rafae/Documents/keep-clone/,root)))
Reading next message from client.
Sending msg to client play-fork-run-a6e9cf2d-d2b3-463a-a080-666fb789a834: (7,ExecutionRequestReceived(92))
Sending msg to client play-fork-run-a6e9cf2d-d2b3-463a-a080-666fb789a834: ExecutionWaiting(92,{file:/C:/Users/rafae/Documents/keep-clone/}root/*:playForkConfig,ClientInfo(a6e9cf2d-d2b3-463a-a080-666fb789a834,play-fork-run,Play Fork Run,1,Vector()))
Sending msg to client play-fork-run-a6e9cf2d-d2b3-463a-a080-666fb789a834: TaskLogEvent(10335,LogMessage(debug,Scala compilation took 1.169208098 s))
Sending msg to client play-fork-run-a6e9cf2d-d2b3-463a-a080-666fb789a834: TaskLogEvent(10335,LogMessage(debug,New invalidations:
	Set()))
Sending msg to client play-fork-run-a6e9cf2d-d2b3-463a-a080-666fb789a834: TaskLogEvent(10335,LogMessage(debug,Initial set of included nodes: Set()))
Sending msg to client play-fork-run-a6e9cf2d-d2b3-463a-a080-666fb789a834: TaskLogEvent(10335,LogMessage(debug,Previously invalidated, but (transitively) depend on new invalidations:
	Set()))
Sending msg to client play-fork-run-a6e9cf2d-d2b3-463a-a080-666fb789a834: TaskLogEvent(10335,LogMessage(debug,All newly invalidated sources after taking into account (previously) recompiled sources:Set()))
Sending msg to client play-fork-run-a6e9cf2d-d2b3-463a-a080-666fb789a834: TaskFinished(91,10335,Some(AttributeKey[sbt.compiler.IC$Result]("compileIncremental") in Scope(Build: file:/C:/Users/rafae/Documents/keep-clone/, , Project: ProjectReference(file:/C:/Users/rafae/Documents/keep-clone/,root), Config: compile)),true,None)
Sending msg to client play-fork-run-a6e9cf2d-d2b3-463a-a080-666fb789a834: TaskStarted(91,10334,Some(AttributeKey[sbt.compiler.IC$Result]("manipulateBytecode") in Scope(Build: file:/C:/Users/rafae/Documents/keep-clone/, , Project: ProjectReference(file:/C:/Users/rafae/Documents/keep-clone/,root), Config: compile)))
Sending msg to client play-fork-run-a6e9cf2d-d2b3-463a-a080-666fb789a834: TaskFinished(91,10334,Some(AttributeKey[sbt.compiler.IC$Result]("manipulateBytecode") in Scope(Build: file:/C:/Users/rafae/Documents/keep-clone/, , Project: ProjectReference(file:/C:/Users/rafae/Documents/keep-clone/,root), Config: compile)),true,None)
Sending msg to client play-fork-run-a6e9cf2d-d2b3-463a-a080-666fb789a834: TaskStarted(91,10275,Some(AttributeKey[sbt.inc.Analysis]("compile") in Scope(Build: file:/C:/Users/rafae/Documents/keep-clone/, , Project: ProjectReference(file:/C:/Users/rafae/Documents/keep-clone/,root), Config: compile)))
Sending msg to client play-fork-run-a6e9cf2d-d2b3-463a-a080-666fb789a834: TaskFinished(91,10275,Some(AttributeKey[sbt.inc.Analysis]("compile") in Scope(Build: file:/C:/Users/rafae/Documents/keep-clone/, , Project: ProjectReference(file:/C:/Users/rafae/Documents/keep-clone/,root), Config: compile)),true,None)
Sending msg to client play-fork-run-a6e9cf2d-d2b3-463a-a080-666fb789a834: TaskStarted(91,10274,None)
Sending msg to client play-fork-run-a6e9cf2d-d2b3-463a-a080-666fb789a834: TaskStarted(91,10397,Some(AttributeKey[scala.collection.Seq[java.lang.String]]("discoveredMainClasses") in Scope(Build: file:/C:/Users/rafae/Documents/keep-clone/, , Project: ProjectReference(file:/C:/Users/rafae/Documents/keep-clone/,root), Config: compile)))
Sending msg to client play-fork-run-a6e9cf2d-d2b3-463a-a080-666fb789a834: TaskFinished(91,10274,None,true,None)
Sending msg to client play-fork-run-a6e9cf2d-d2b3-463a-a080-666fb789a834: TaskStarted(91,10273,None)
Sending msg to client play-fork-run-a6e9cf2d-d2b3-463a-a080-666fb789a834: TaskFinished(91,10397,Some(AttributeKey[scala.collection.Seq[java.lang.String]]("discoveredMainClasses") in Scope(Build: file:/C:/Users/rafae/Documents/keep-clone/, , Project: ProjectReference(file:/C:/Users/rafae/Documents/keep-clone/,root), Config: compile)),true,None)
Sending msg to client play-fork-run-a6e9cf2d-d2b3-463a-a080-666fb789a834: TaskFinished(91,10273,None,true,None)
Sending msg to client play-fork-run-a6e9cf2d-d2b3-463a-a080-666fb789a834: DetachedLogEvent(LogMessage(debug,cancel strategy finish enabled=false lastCommand=Some(LastCommand(CommandExecutionWork(ExecutionId(91),compile,Set(LiveClient(activator 6f5cb496-3d6f-42e4-b110-2b4672058073)),sbt.server.WorkCancellationStatus$$anon$1@5af75568)))))
Sending msg to client play-fork-run-a6e9cf2d-d2b3-463a-a080-666fb789a834: DetachedLogEvent(LogSuccess(Total time: 1 s, completed 11 févr. 2017 11:49:19))
Sending msg to client play-fork-run-a6e9cf2d-d2b3-463a-a080-666fb789a834: DetachedLogEvent(LogMessage(debug,> server-post-command-cleanup))
Sending msg to client play-fork-run-a6e9cf2d-d2b3-463a-a080-666fb789a834: ExecutionSuccess(91)
Sending msg to client play-fork-run-a6e9cf2d-d2b3-463a-a080-666fb789a834: DetachedLogEvent(LogMessage(debug,> server-handle-next-server-request))
Sending msg to client play-fork-run-a6e9cf2d-d2b3-463a-a080-666fb789a834: ExecutionStarting(92)
Sending msg to client play-fork-run-a6e9cf2d-d2b3-463a-a080-666fb789a834: DetachedLogEvent(LogMessage(debug,> {file:/C:/Users/rafae/Documents/keep-clone/}root/*:playForkConfig))
Sending msg to client play-fork-run-a6e9cf2d-d2b3-463a-a080-666fb789a834: ExecutionWaiting(93,jobStop 9,ClientInfo(6f5cb496-3d6f-42e4-b110-2b4672058073,activator,Activator,3,Vector()))
Sending msg to client play-fork-run-a6e9cf2d-d2b3-463a-a080-666fb789a834: ExecutionWaiting(94,jobStop 10,ClientInfo(6f5cb496-3d6f-42e4-b110-2b4672058073,activator,Activator,3,Vector()))
Sending msg to client play-fork-run-a6e9cf2d-d2b3-463a-a080-666fb789a834: ExecutionWaiting(95,backgroundRun,ClientInfo(6f5cb496-3d6f-42e4-b110-2b4672058073,activator,Activator,3,Vector()))
Sending msg to client play-fork-run-a6e9cf2d-d2b3-463a-a080-666fb789a834: DetachedLogEvent(LogMessage(debug,Evaluating tasks: *:playForkConfig))
Sending msg to client play-fork-run-a6e9cf2d-d2b3-463a-a080-666fb789a834: DetachedLogEvent(LogMessage(debug,Running task... Cancel: sbt.server.ServerTaskCancellation@28912c12, check cycles: false))
Sending msg to client play-fork-run-a6e9cf2d-d2b3-463a-a080-666fb789a834: DetachedLogEvent(LogMessage(debug,cancel strategy start enabled=true lastCommand=Some(LastCommand(CommandExecutionWork(ExecutionId(92),{file:/C:/Users/rafae/Documents/keep-clone/}root/*:playForkConfig,Set(LiveClient(play-fork-run a6e9cf2d-d2b3-463a-a080-666fb789a834)),sbt.server.WorkCancellationStatus$$anon$1@bc890e6)))))
Sending msg to client play-fork-run-a6e9cf2d-d2b3-463a-a080-666fb789a834: DetachedLogEvent(LogMessage(debug,cancel strategy cancel() with enabled=true lastCommand=Some(LastCommand(CommandExecutionWork(ExecutionId(92),{file:/C:/Users/rafae/Documents/keep-clone/}root/*:playForkConfig,Set(LiveClient(play-fork-run a6e9cf2d-d2b3-463a-a080-666fb789a834)),sbt.server.WorkCancellationStatus$$anon$1@bc890e6)))))
Sending msg to client play-fork-run-a6e9cf2d-d2b3-463a-a080-666fb789a834: DetachedLogEvent(LogStdOut())
Sending msg to client play-fork-run-a6e9cf2d-d2b3-463a-a080-666fb789a834: DetachedLogEvent(LogMessage(warn,Canceling execution...))
Sending msg to client play-fork-run-a6e9cf2d-d2b3-463a-a080-666fb789a834: TaskStarted(92,10402,Some(AttributeKey[scala.collection.Seq[java.lang.String]]("javaOptions") in Scope(Global)))
Sending msg to client play-fork-run-a6e9cf2d-d2b3-463a-a080-666fb789a834: DetachedLogEvent(LogMessage(debug,cancel strategy finish enabled=false lastCommand=Some(LastCommand(CommandExecutionWork(ExecutionId(92),{file:/C:/Users/rafae/Documents/keep-clone/}root/*:playForkConfig,Set(LiveClient(play-fork-run a6e9cf2d-d2b3-463a-a080-666fb789a834)),sbt.server.WorkCancellationStatus$$anon$1@bc890e6)))))
Sending msg to client play-fork-run-a6e9cf2d-d2b3-463a-a080-666fb789a834: DetachedLogEvent(LogTrace(RejectedExecutionException,Task java.util.concurrent.ExecutorCompletionService$QueueingFuture@3e1fc339 rejected from java.util.concurrent.ThreadPoolExecutor@109c9171[Terminated, pool size = 0, active threads = 0, queued tasks = 0, completed tasks = 0]))
Sending msg to client play-fork-run-a6e9cf2d-d2b3-463a-a080-666fb789a834: DetachedLogEvent(LogMessage(error,java.util.concurrent.RejectedExecutionException: Task java.util.concurrent.ExecutorCompletionService$QueueingFuture@3e1fc339 rejected from java.util.concurrent.ThreadPoolExecutor@109c9171[Terminated, pool size = 0, active threads = 0, queued tasks = 0, completed tasks = 0]))
Sending msg to client play-fork-run-a6e9cf2d-d2b3-463a-a080-666fb789a834: DetachedLogEvent(LogMessage(error,Use 'last' for the full log.))
Sending msg to client play-fork-run-a6e9cf2d-d2b3-463a-a080-666fb789a834: DetachedLogEvent(LogMessage(debug,> server-post-command-error-handler))
Sending msg to client play-fork-run-a6e9cf2d-d2b3-463a-a080-666fb789a834: ExecutionFailure(92)
Sending msg to client play-fork-run-a6e9cf2d-d2b3-463a-a080-666fb789a834: DetachedLogEvent(LogMessage(debug,> server-post-command-cleanup))
Sending msg to client play-fork-run-a6e9cf2d-d2b3-463a-a080-666fb789a834: DetachedLogEvent(LogMessage(debug,> server-handle-next-server-request))
Sending msg to client play-fork-run-a6e9cf2d-d2b3-463a-a080-666fb789a834: ExecutionStarting(93)
Sending msg to client play-fork-run-a6e9cf2d-d2b3-463a-a080-666fb789a834: DetachedLogEvent(LogMessage(debug,> jobStop 9))
Sending msg to client play-fork-run-a6e9cf2d-d2b3-463a-a080-666fb789a834: DetachedLogEvent(LogMessage(debug,Evaluating tasks: *:jobStop))
Sending msg to client play-fork-run-a6e9cf2d-d2b3-463a-a080-666fb789a834: DetachedLogEvent(LogMessage(debug,Running task... Cancel: sbt.server.ServerTaskCancellation@1dfc1c78, check cycles: false))
Sending msg to client play-fork-run-a6e9cf2d-d2b3-463a-a080-666fb789a834: DetachedLogEvent(LogMessage(debug,cancel strategy start enabled=true lastCommand=Some(LastCommand(CommandExecutionWork(ExecutionId(93),jobStop 9,Set(LiveClient(activator 6f5cb496-3d6f-42e4-b110-2b4672058073)),sbt.server.WorkCancellationStatus$$anon$1@58720aa8)))))
Sending msg to client play-fork-run-a6e9cf2d-d2b3-463a-a080-666fb789a834: TaskStarted(93,10405,Some(AttributeKey[void]("jobStop") in Scope(Global)))
Sending msg to client play-fork-run-a6e9cf2d-d2b3-463a-a080-666fb789a834: DetachedLogEvent(LogStdErr(Exception in thread "sbt-bg-threads-9" java.lang.Error: java.lang.InterruptedException: sleep interrupted))
Sending msg to client play-fork-run-a6e9cf2d-d2b3-463a-a080-666fb789a834: DetachedLogEvent(LogStdErr(	at java.util.concurrent.ThreadPoolExecutor.runWorker(Unknown Source)))
Sending msg to client play-fork-run-a6e9cf2d-d2b3-463a-a080-666fb789a834: DetachedLogEvent(LogStdErr(	at java.util.concurrent.ThreadPoolExecutor$Worker.run(Unknown Source)))
Sending msg to client play-fork-run-a6e9cf2d-d2b3-463a-a080-666fb789a834: DetachedLogEvent(LogStdErr(	at java.lang.Thread.run(Unknown Source)))
Sending msg to client play-fork-run-a6e9cf2d-d2b3-463a-a080-666fb789a834: DetachedLogEvent(LogStdErr(Caused by: java.lang.InterruptedException: sleep interrupted))
Sending msg to client play-fork-run-a6e9cf2d-d2b3-463a-a080-666fb789a834: DetachedLogEvent(LogStdErr(	at java.lang.Thread.sleep(Native Method)))
Sending msg to client play-fork-run-a6e9cf2d-d2b3-463a-a080-666fb789a834: DetachedLogEvent(LogStdErr(	at play.sbt.forkrun.PlayForkProcess$.timedWaitFor(PlayForkProcess.scala:80)))
Sending msg to client play-fork-run-a6e9cf2d-d2b3-463a-a080-666fb789a834: DetachedLogEvent(LogStdErr(	at play.sbt.forkrun.PlayForkProcess$.play$sbt$forkrun$PlayForkProcess$$stop$1(PlayForkProcess.scala:54)))
Sending msg to client play-fork-run-a6e9cf2d-d2b3-463a-a080-666fb789a834: DetachedLogEvent(LogStdErr(	at play.sbt.forkrun.PlayForkProcess$.run(PlayForkProcess.scala:70)))
Sending msg to client play-fork-run-a6e9cf2d-d2b3-463a-a080-666fb789a834: DetachedLogEvent(LogStdErr(	at play.sbt.forkrun.PlayForkProcess$.apply(PlayForkProcess.scala:35)))
Sending msg to client play-fork-run-a6e9cf2d-d2b3-463a-a080-666fb789a834: DetachedLogEvent(LogStdErr(	at play.sbt.forkrun.PlayForkRun$$anonfun$backgroundForkRunTask$1$$anonfun$apply$7$$anonfun$apply$8$$anonfun$apply$9.apply(PlayForkRun.scala:108)))
Sending msg to client play-fork-run-a6e9cf2d-d2b3-463a-a080-666fb789a834: DetachedLogEvent(LogStdErr(	at play.sbt.forkrun.PlayForkRun$$anonfun$backgroundForkRunTask$1$$anonfun$apply$7$$anonfun$apply$8$$anonfun$apply$9.apply(PlayForkRun.scala:107)))
Sending msg to client play-fork-run-a6e9cf2d-d2b3-463a-a080-666fb789a834: DetachedLogEvent(LogStdErr(	at sbt.BackgroundThreadPool$$anonfun$1.apply$mcV$sp(AbstractBackgroundJobService.scala:134)))
Sending msg to client play-fork-run-a6e9cf2d-d2b3-463a-a080-666fb789a834: DetachedLogEvent(LogStdErr(	at sbt.BackgroundThreadPool$BackgroundRunnable.run(AbstractBackgroundJobService.scala:68)))
Sending msg to client play-fork-run-a6e9cf2d-d2b3-463a-a080-666fb789a834: DetachedLogEvent(LogStdErr(	... 3 more))
Sending msg to client play-fork-run-a6e9cf2d-d2b3-463a-a080-666fb789a834: TaskFinished(93,10405,Some(AttributeKey[void]("jobStop") in Scope(Global)),true,None)
Sending msg to client play-fork-run-a6e9cf2d-d2b3-463a-a080-666fb789a834: TaskStarted(93,10404,None)
Sending msg to client play-fork-run-a6e9cf2d-d2b3-463a-a080-666fb789a834: BackgroundJobFinished(86,9)
Sending msg to client play-fork-run-a6e9cf2d-d2b3-463a-a080-666fb789a834: TaskFinished(93,10404,None,true,None)
Sending msg to client play-fork-run-a6e9cf2d-d2b3-463a-a080-666fb789a834: TaskStarted(93,10403,None)
Sending msg to client play-fork-run-a6e9cf2d-d2b3-463a-a080-666fb789a834: TaskFinished(93,10403,None,true,None)
Sending msg to client play-fork-run-a6e9cf2d-d2b3-463a-a080-666fb789a834: DetachedLogEvent(LogMessage(debug,cancel strategy finish enabled=false lastCommand=Some(LastCommand(CommandExecutionWork(ExecutionId(93),jobStop 9,Set(LiveClient(activator 6f5cb496-3d6f-42e4-b110-2b4672058073)),sbt.server.WorkCancellationStatus$$anon$1@58720aa8)))))
Sending msg to client play-fork-run-a6e9cf2d-d2b3-463a-a080-666fb789a834: DetachedLogEvent(LogSuccess(Total time: 0 s, completed 11 févr. 2017 11:49:19))
Sending msg to client play-fork-run-a6e9cf2d-d2b3-463a-a080-666fb789a834: DetachedLogEvent(LogMessage(debug,> server-post-command-cleanup))
Sending msg to client play-fork-run-a6e9cf2d-d2b3-463a-a080-666fb789a834: ExecutionSuccess(93)
Sending msg to client play-fork-run-a6e9cf2d-d2b3-463a-a080-666fb789a834: DetachedLogEvent(LogMessage(debug,> server-handle-next-server-request))
Sending msg to client play-fork-run-a6e9cf2d-d2b3-463a-a080-666fb789a834: ExecutionStarting(94)
Sending msg to client play-fork-run-a6e9cf2d-d2b3-463a-a080-666fb789a834: DetachedLogEvent(LogMessage(debug,> jobStop 10))
Sending msg to client play-fork-run-a6e9cf2d-d2b3-463a-a080-666fb789a834: DetachedLogEvent(LogMessage(debug,Evaluating tasks: *:jobStop))
Sending msg to client play-fork-run-a6e9cf2d-d2b3-463a-a080-666fb789a834: DetachedLogEvent(LogMessage(debug,Running task... Cancel: sbt.server.ServerTaskCancellation@71e14e74, check cycles: false))
Sending msg to client play-fork-run-a6e9cf2d-d2b3-463a-a080-666fb789a834: DetachedLogEvent(LogMessage(debug,cancel strategy start enabled=true lastCommand=Some(LastCommand(CommandExecutionWork(ExecutionId(94),jobStop 10,Set(LiveClient(activator 6f5cb496-3d6f-42e4-b110-2b4672058073)),sbt.server.WorkCancellationStatus$$anon$1@320c4c74)))))
Sending msg to client play-fork-run-a6e9cf2d-d2b3-463a-a080-666fb789a834: TaskStarted(94,10408,Some(AttributeKey[void]("jobStop") in Scope(Global)))
Sending msg to client play-fork-run-a6e9cf2d-d2b3-463a-a080-666fb789a834: TaskFinished(94,10408,Some(AttributeKey[void]("jobStop") in Scope(Global)),true,None)
Sending msg to client play-fork-run-a6e9cf2d-d2b3-463a-a080-666fb789a834: TaskStarted(94,10407,None)
Sending msg to client play-fork-run-a6e9cf2d-d2b3-463a-a080-666fb789a834: TaskFinished(94,10407,None,true,None)
Sending msg to client play-fork-run-a6e9cf2d-d2b3-463a-a080-666fb789a834: BackgroundJobLogEvent(10,LogMessage(info,Stopping Play fork run ...))
Sending msg to client play-fork-run-a6e9cf2d-d2b3-463a-a080-666fb789a834: TaskStarted(94,10406,None)
Sending msg to client play-fork-run-a6e9cf2d-d2b3-463a-a080-666fb789a834: TaskFinished(94,10406,None,true,None)
Sending msg to client play-fork-run-a6e9cf2d-d2b3-463a-a080-666fb789a834: DetachedLogEvent(LogMessage(debug,cancel strategy finish enabled=false lastCommand=Some(LastCommand(CommandExecutionWork(ExecutionId(94),jobStop 10,Set(LiveClient(activator 6f5cb496-3d6f-42e4-b110-2b4672058073)),sbt.server.WorkCancellationStatus$$anon$1@320c4c74)))))
Sending msg to client play-fork-run-a6e9cf2d-d2b3-463a-a080-666fb789a834: DetachedLogEvent(LogSuccess(Total time: 0 s, completed 11 févr. 2017 11:49:19))
Sending msg to client play-fork-run-a6e9cf2d-d2b3-463a-a080-666fb789a834: DetachedLogEvent(LogMessage(debug,> server-post-command-cleanup))
Sending msg to client play-fork-run-a6e9cf2d-d2b3-463a-a080-666fb789a834: ExecutionSuccess(94)
Sending msg to client play-fork-run-a6e9cf2d-d2b3-463a-a080-666fb789a834: DetachedLogEvent(LogMessage(debug,> server-handle-next-server-request))
Sending msg to client play-fork-run-a6e9cf2d-d2b3-463a-a080-666fb789a834: ExecutionStarting(95)
Sending msg to client play-fork-run-a6e9cf2d-d2b3-463a-a080-666fb789a834: DetachedLogEvent(LogMessage(debug,> backgroundRun))
Got request: UnlistenToEvents()
Reading next message from client.
Sending msg to client play-fork-run-a6e9cf2d-d2b3-463a-a080-666fb789a834: (8,ReceivedResponse())
Sending msg to client play-fork-run-a6e9cf2d-d2b3-463a-a080-666fb789a834: DetachedLogEvent(LogMessage(debug,Evaluating tasks: compile:backgroundRun))
Got request: UnlistenToValue(AttributeKey[play.forkrun.protocol.ForkConfig]("playForkConfig") in Scope(Build: file:/C:/Users/rafae/Documents/keep-clone/, , Project: ProjectReference(file:/C:/Users/rafae/Documents/keep-clone/,root)))
Reading next message from client.
Client play-fork-run-a6e9cf2d-d2b3-463a-a080-666fb789a834 EOF, shutting down.
Stopping client.
Client play-fork-run-a6e9cf2d-d2b3-463a-a080-666fb789a834 thread exiting.
Dropping message (9,ReceivedResponse()) to dead client play-fork-run-a6e9cf2d-d2b3-463a-a080-666fb789a834
Dropping message (0,ReceivedResponse()) to dead client play-fork-run-a6e9cf2d-d2b3-463a-a080-666fb789a834
